<?xml version="1.0" encoding="UTF-8"?>
<testsuite name="Cucumber" time="5.669" tests="4" skipped="0" failures="0" errors="0">
<testcase classname="API CRUD testing with JSONPlaceholder" name="GET posts" time="2.966">
<system-out><![CDATA[
Given I have a base URI of "https://jsonplaceholder.typicode.com"...........passed
When I send a GET request to "/posts".......................................passed
Then the response status code should be 200.................................passed
And the response time less than 3000........................................passed
]]></system-out>
</testcase>
<testcase classname="API CRUD testing with JSONPlaceholder" name="POST a new post" time="0.878">
<system-out><![CDATA[
Given I have a base URI of "https://jsonplaceholder.typicode.com"...........passed
When I send a POST request to "/posts" with body as "{\"title\":\"foo\",\"body\":\"bar\",\"userId\":1}".passed
Then the response status code should be 201.................................passed
And the response time less than 3000........................................passed
]]></system-out>
</testcase>
<testcase classname="API CRUD testing with JSONPlaceholder" name="PUT an existing post" time="0.798">
<system-out><![CDATA[
Given I have a base URI of "https://jsonplaceholder.typicode.com"...........passed
When I send a PUT request to "/posts/1" with body as "{\"id\":1,\"title\":\"updated\",\"body\":\"updated content\",\"userId\":1}".passed
Then the response status code should be 200.................................passed
And the response time less than 3000........................................passed
]]></system-out>
</testcase>
<testcase classname="API CRUD testing with JSONPlaceholder" name="DELETE a post" time="0.79">
<system-out><![CDATA[
Given I have a base URI of "https://jsonplaceholder.typicode.com"...........passed
When I send a DELETE request to "/posts/1"..................................passed
Then the response status code should be 200.................................passed
And the response time less than 3000........................................passed
]]></system-out>
</testcase>
</testsuite>
